<?xml version="1.0" encoding="UTF-8"?>
<!-- Generated by org.testng.reporters.JUnitReportReporter -->
<testsuite hostname="DESKTOP-2K9ARL2" failures="0" tests="1" name="tastCases.LoginTest" time="10.793" errors="0" timestamp="2024-10-22T22:37:07 IST" skipped="0">
  <testcase classname="tastCases.LoginTest" name="LoginToApplicationTest" time="10.793"/>
  <system-out>
    <![CDATA[Login Successfully = https://www.saucedemo.com/inventory.html]]>
  </system-out>
</testsuite> <!-- tastCases.LoginTest -->
