<?xml version="1.0" encoding="UTF-8"?>
<!-- Generated by org.testng.reporters.JUnitReportReporter -->
<testsuite hostname="DESKTOP-2K9ARL2" failures="0" tests="4" name="tastCases.Checkout_page2_Test" time="28.945" errors="0" timestamp="2024-10-20T22:01:31 IST" skipped="0">
  <testcase classname="tastCases.Checkout_page2_Test" name="verifyCheckOutLabelTest" time="6.342"/>
  <system-out/>
  <testcase classname="tastCases.Checkout_page2_Test" name="verifyDescriptionLabelTest" time="6.360"/>
  <system-out/>
  <testcase classname="tastCases.Checkout_page2_Test" name="verifyQtyLabelTest" time="9.594"/>
  <system-out/>
  <testcase classname="tastCases.Checkout_page2_Test" name="verifyfinishPageTest" time="6.649"/>
  <system-out/>
</testsuite> <!-- tastCases.Checkout_page2_Test -->
