<?xml version="1.0" encoding="UTF-8"?>
<!-- Generated by org.testng.reporters.JUnitReportReporter -->
<testsuite hostname="DESKTOP-2K9ARL2" failures="0" tests="2" name="tastCases.Checkout_page1_test" time="12.016" errors="0" timestamp="2024-10-19T21:26:57 IST" skipped="0">
  <testcase classname="tastCases.Checkout_page1_test" name="inputInformationTest" time="6.349"/>
  <system-out/>
  <testcase classname="tastCases.Checkout_page1_test" name="verifyCheckLableTest" time="5.667"/>
  <system-out/>
</testsuite> <!-- tastCases.Checkout_page1_test -->
